0 verbose cli C:\Program Files\nodejs\node.exe C:\Program Files\nodejs\node_modules\npm\bin\npm-cli.js
1 info using npm@10.9.2
2 info using node@v22.13.0
3 silly config load:file:C:\Program Files\nodejs\node_modules\npm\npmrc
4 silly config load:file:D:\project1\store_management\frontend\.npmrc
5 silly config load:file:C:\Users\vu hai\.npmrc
6 silly config load:file:C:\Users\vu hai\AppData\Roaming\npm\etc\npmrc
7 verbose title npm install
8 verbose argv "install"
9 verbose logfile logs-max:10 dir:D:\project1\store_management\frontend\.npm-cache\_logs\2025-11-10T06_28_16_279Z-
10 verbose logfile D:\project1\store_management\frontend\.npm-cache\_logs\2025-11-10T06_28_16_279Z-debug-0.log
11 silly logfile start cleaning logs, removing 1 files
12 silly packumentCache heap:2197815296 maxSize:549453824 maxEntrySize:274726912
13 silly logfile done cleaning log files
14 silly idealTree buildDeps
15 silly reify moves {}
16 verbose reify failed optional dependency D:\project1\store_management\frontend\node_modules\fsevents
17 silly reify mark deleted [ 'D:\\project1\\store_management\\frontend\\node_modules\\fsevents' ]
18 silly ADD
19 verbose cwd D:\project1\store_management\frontend
20 verbose os Windows_NT 10.0.26100
21 verbose node v22.13.0
22 verbose npm  v10.9.2
23 verbose exit 0
24 info ok
